# JRE version: OpenJDK Runtime Environment (17.0.10) (build 17.0.10+0--11572160)
# Java VM: OpenJDK 64-Bit Server VM (17.0.10+0--11572160, mixed mode, tiered, compressed oops, compressed class ptrs, g1 gc, windows-amd64)
GC Precious Log:
 CPUs: 8 total, 8 available
 Memory: 6134M
 Large Page Support: Disabled
 NUMA Support: Disabled
 Compressed Oops: Enabled (32-bit)
 Heap Region Size: 1M
 Heap Min Capacity: 8M
 Heap Initial Capacity: 96M
 Heap Max Capacity: 2G
 Pre-touch: Disabled
 Parallel Workers: 8
 Concurrent Workers: 2
 Concurrent Refinement Workers: 8
 Periodic GC: Disabled
Heap:
 garbage-first heap   total 541696K, used 322923K [0x0000000080000000, 0x0000000100000000)
  region size 1024K, 3 young (3072K), 3 survivors (3072K)
 Metaspace       used 198068K, committed 199616K, reserved 1245184K
  class space    used 25570K, committed 26240K, reserved 1048576K
GC Heap History (20 events):
Event: 90.621 GC heap after
{Heap after GC invocations=112 (full 0):
 garbage-first heap   total 365568K, used 307972K [0x0000000080000000, 0x0000000100000000)
  region size 1024K, 3 young (3072K), 3 survivors (3072K)
 Metaspace       used 191626K, committed 193088K, reserved 1245184K
  class space    used 24802K, committed 25472K, reserved 1048576K
}
Event: 91.244 GC heap before
{Heap before GC invocations=112 (full 0):
 garbage-first heap   total 365568K, used 323332K [0x0000000080000000, 0x0000000100000000)
  region size 1024K, 18 young (18432K), 3 survivors (3072K)
 Metaspace       used 194423K, committed 195904K, reserved 1245184K
  class space    used 25145K, committed 25792K, reserved 1048576K
}
Event: 91.252 GC heap after
{Heap after GC invocations=113 (full 0):
 garbage-first heap   total 365568K, used 310064K [0x0000000080000000, 0x0000000100000000)
  region size 1024K, 3 young (3072K), 3 survivors (3072K)
 Metaspace       used 194423K, committed 195904K, reserved 1245184K
  class space    used 25145K, committed 25792K, reserved 1048576K
}
Event: 113.216 GC heap before
{Heap before GC invocations=113 (full 0):
 garbage-first heap   total 365568K, used 324400K [0x0000000080000000, 0x0000000100000000)
  region size 1024K, 17 young (17408K), 3 survivors (3072K)
 Metaspace       used 197355K, committed 198912K, reserved 1245184K
  class space    used 25535K, committed 26240K, reserved 1048576K
}
Event: 113.223 GC heap after
{Heap after GC invocations=114 (full 0):
 garbage-first heap   total 365568K, used 311346K [0x0000000080000000, 0x0000000100000000)
  region size 1024K, 2 young (2048K), 2 survivors (2048K)
 Metaspace       used 197355K, committed 198912K, reserved 1245184K
  class space    used 25535K, committed 26240K, reserved 1048576K
}
Event: 127.461 GC heap before
{Heap before GC invocations=114 (full 0):
 garbage-first heap   total 365568K, used 326706K [0x0000000080000000, 0x0000000100000000)
  region size 1024K, 17 young (17408K), 2 survivors (2048K)
 Metaspace       used 197547K, committed 199104K, reserved 1245184K
  class space    used 25541K, committed 26240K, reserved 1048576K
}
Event: 127.470 GC heap after
{Heap after GC invocations=115 (full 0):
 garbage-first heap   total 365568K, used 314463K [0x0000000080000000, 0x0000000100000000)
  region size 1024K, 3 young (3072K), 3 survivors (3072K)
 Metaspace       used 197547K, committed 199104K, reserved 1245184K
  class space    used 25541K, committed 26240K, reserved 1048576K
}
Event: 127.857 GC heap before
{Heap before GC invocations=115 (full 0):
 garbage-first heap   total 365568K, used 328799K [0x0000000080000000, 0x0000000100000000)
  region size 1024K, 17 young (17408K), 3 survivors (3072K)
 Metaspace       used 197634K, committed 199168K, reserved 1245184K
  class space    used 25544K, committed 26240K, reserved 1048576K
}
Event: 127.868 GC heap after
{Heap after GC invocations=116 (full 0):
 garbage-first heap   total 365568K, used 317748K [0x0000000080000000, 0x0000000100000000)
  region size 1024K, 3 young (3072K), 3 survivors (3072K)
 Metaspace       used 197634K, committed 199168K, reserved 1245184K
  class space    used 25544K, committed 26240K, reserved 1048576K
}
Event: 128.183 GC heap before
{Heap before GC invocations=116 (full 0):
 garbage-first heap   total 365568K, used 332084K [0x0000000080000000, 0x0000000100000000)
  region size 1024K, 17 young (17408K), 3 survivors (3072K)
 Metaspace       used 197813K, committed 199360K, reserved 1245184K
  class space    used 25553K, committed 26240K, reserved 1048576K
}
Event: 128.198 GC heap after
{Heap after GC invocations=117 (full 0):
 garbage-first heap   total 365568K, used 321600K [0x0000000080000000, 0x0000000100000000)
  region size 1024K, 3 young (3072K), 3 survivors (3072K)
 Metaspace       used 197813K, committed 199360K, reserved 1245184K
  class space    used 25553K, committed 26240K, reserved 1048576K
}
Event: 128.300 GC heap before
{Heap before GC invocations=117 (full 0):
 garbage-first heap   total 365568K, used 331840K [0x0000000080000000, 0x0000000100000000)
  region size 1024K, 15 young (15360K), 3 survivors (3072K)
 Metaspace       used 197829K, committed 199360K, reserved 1245184K
  class space    used 25554K, committed 26240K, reserved 1048576K
}
Event: 128.310 GC heap after
{Heap after GC invocations=118 (full 0):
 garbage-first heap   total 365568K, used 324944K [0x0000000080000000, 0x0000000100000000)
  region size 1024K, 3 young (3072K), 3 survivors (3072K)
 Metaspace       used 197829K, committed 199360K, reserved 1245184K
  class space    used 25554K, committed 26240K, reserved 1048576K
}
Event: 128.488 GC heap before
{Heap before GC invocations=118 (full 0):
 garbage-first heap   total 365568K, used 339280K [0x0000000080000000, 0x0000000100000000)
  region size 1024K, 17 young (17408K), 3 survivors (3072K)
 Metaspace       used 197959K, committed 199424K, reserved 1245184K
  class space    used 25565K, committed 26240K, reserved 1048576K
}
Event: 128.496 GC heap after
{Heap after GC invocations=119 (full 0):
 garbage-first heap   total 365568K, used 326656K [0x0000000080000000, 0x0000000100000000)
  region size 1024K, 3 young (3072K), 3 survivors (3072K)
 Metaspace       used 197959K, committed 199424K, reserved 1245184K
  class space    used 25565K, committed 26240K, reserved 1048576K
}
Event: 128.792 GC heap before
{Heap before GC invocations=119 (full 0):
 garbage-first heap   total 365568K, used 339968K [0x0000000080000000, 0x0000000100000000)
  region size 1024K, 17 young (17408K), 3 survivors (3072K)
 Metaspace       used 197983K, committed 199488K, reserved 1245184K
  class space    used 25565K, committed 26240K, reserved 1048576K
}
Event: 128.798 GC heap after
{Heap after GC invocations=120 (full 0):
 garbage-first heap   total 365568K, used 327592K [0x0000000080000000, 0x0000000100000000)
  region size 1024K, 3 young (3072K), 3 survivors (3072K)
 Metaspace       used 197983K, committed 199488K, reserved 1245184K
  class space    used 25565K, committed 26240K, reserved 1048576K
}
Event: 129.017 GC heap before
{Heap before GC invocations=120 (full 0):
 garbage-first heap   total 365568K, used 342952K [0x0000000080000000, 0x0000000100000000)
  region size 1024K, 17 young (17408K), 3 survivors (3072K)
 Metaspace       used 198064K, committed 199552K, reserved 1245184K
  class space    used 25570K, committed 26240K, reserved 1048576K
}
Event: 129.027 GC heap after
{Heap after GC invocations=121 (full 0):
 garbage-first heap   total 365568K, used 328852K [0x0000000080000000, 0x0000000100000000)
  region size 1024K, 3 young (3072K), 3 survivors (3072K)
 Metaspace       used 198064K, committed 199552K, reserved 1245184K
  class space    used 25570K, committed 26240K, reserved 1048576K
}
Event: 129.169 GC heap before
{Heap before GC invocations=121 (full 0):
 garbage-first heap   total 541696K, used 333972K [0x0000000080000000, 0x0000000100000000)
  region size 1024K, 17 young (17408K), 3 survivors (3072K)
 Metaspace       used 198068K, committed 199616K, reserved 1245184K
  class space    used 25570K, committed 26240K, reserved 1048576K
}

